This is cutadapt 2.6 with Python 3.6.10
Command line parameters: -Z -e 0 --no-indels --action trim -a GTTTAAGAG -o /datacommons/ydiaolab/arinze/daichi/gRNA_reference/Mouse_m1Top5_crop28_trimmed.fa /datacommons/ydiaolab/arinze/daichi/gRNA_reference/Mouse_m1Top5_crop28.fa
Processing reads on 1 core in single-end mode ...
Finished in 0.30 s (24 us/read; 2.46 M reads/minute).

=== Summary ===

Total reads processed:                  12,350
Reads with adapters:                    12,350 (100.0%)
Reads written (passing filters):        12,350 (100.0%)

Total basepairs processed:       345,800 bp
Total written (filtered):        234,650 bp (67.9%)

=== Adapter 1 ===

Sequence: GTTTAAGAG; Type: regular 3'; Length: 9; Trimmed: 12350 times.

No. of allowed errors:
0-9 bp: 0

Bases preceding removed adapters:
  A: 24.2%
  C: 17.1%
  G: 42.6%
  T: 16.1%
  none/other: 0.0%

Overview of removed sequences
length	count	expect	max.err	error counts
9	12350	0.0	0	12350
