This is cutadapt 4.9 with Python 3.11.10
Command line parameters: -Z -e 0.19 --no-indels --action none --discard-untrimmed -a file:YD197_index -o ../demultiplexed_fastq/{name}_R2_001.fastq.gz -p ../demultiplexed_fastq/{name}_R1_001.fastq.gz /work/yx222/temp/YD197_2.fq.gz /work/yx222/temp/YD197_1.fq.gz
Processing paired-end reads on 1 core ...
Finished in 226208.894 s (26.808 µs/read; 2.24 M reads/minute).

=== Summary ===

Total read pairs processed:      8,438,216,061
  Read 1 with adapter:             859,282,866 (10.2%)

== Read fate breakdown ==
Pairs discarded as untrimmed:    7,578,933,195 (89.8%)
Pairs written (passing filters):   859,282,866 (10.2%)

Total basepairs processed: 2,666,476,275,276 bp
  Read 1: 1,400,743,866,126 bp
  Read 2: 1,265,732,409,150 bp
Total written (filtered):  271,533,385,656 bp (10.2%)
  Read 1: 142,640,955,756 bp
  Read 2: 128,892,429,900 bp

=== First read: Adapter A1_pre_withUMI ===

Sequence: AAACTACCGTCTCGTG; Type: anchored 3'; Length: 16; Trimmed: 27203659 times

No. of allowed errors: 3

Bases preceding removed adapters:
  A: 31.7%
  C: 30.3%
  G: 16.4%
  T: 21.6%
  none/other: 0.0%

Overview of removed sequences
length	count	expect	max.err	error counts
16	27203659	2.0	3	26628256 365741 94304 115358


=== First read: Adapter A2_pre_withUMI ===

Sequence: GCGGATCGGTCTCGTG; Type: anchored 3'; Length: 16; Trimmed: 62928308 times

No. of allowed errors: 3

Bases preceding removed adapters:
  A: 26.6%
  C: 21.8%
  G: 29.3%
  T: 22.3%
  none/other: 0.0%

Overview of removed sequences
length	count	expect	max.err	error counts
16	62928308	2.0	3	27683483 683358 402878 34158589


=== First read: Adapter A3_pre_withUMI ===

Sequence: ATACCTGGGTCTCGTG; Type: anchored 3'; Length: 16; Trimmed: 27048552 times

No. of allowed errors: 3

Bases preceding removed adapters:
  A: 31.8%
  C: 30.1%
  G: 15.4%
  T: 22.6%
  none/other: 0.0%

Overview of removed sequences
length	count	expect	max.err	error counts
16	27048552	2.0	3	26055878 487421 116166 389087


=== First read: Adapter A4_pre_withUMI ===

Sequence: CCGCGTAAGTCTCGTG; Type: anchored 3'; Length: 16; Trimmed: 32543772 times

No. of allowed errors: 3

Bases preceding removed adapters:
  A: 31.3%
  C: 30.5%
  G: 15.3%
  T: 22.9%
  none/other: 0.0%

Overview of removed sequences
length	count	expect	max.err	error counts
16	32543772	2.0	3	31432755 509734 152981 448302


=== First read: Adapter D1_pre_withUMI ===

Sequence: AAGGTAGGGTCTCGTG; Type: anchored 3'; Length: 16; Trimmed: 31238671 times

No. of allowed errors: 3

Bases preceding removed adapters:
  A: 30.7%
  C: 29.6%
  G: 15.8%
  T: 23.9%
  none/other: 0.0%

Overview of removed sequences
length	count	expect	max.err	error counts
16	31238671	2.0	3	27999962 425098 2509891 303720


=== First read: Adapter D2_pre_withUMI ===

Sequence: CTTGCAGTGTCTCGTG; Type: anchored 3'; Length: 16; Trimmed: 29083225 times

No. of allowed errors: 3

Bases preceding removed adapters:
  A: 31.2%
  C: 30.9%
  G: 15.6%
  T: 22.4%
  none/other: 0.0%

Overview of removed sequences
length	count	expect	max.err	error counts
16	29083225	2.0	3	28364926 456513 89983 171803


=== First read: Adapter D3_pre_withUMI ===

Sequence: TCGGGATAGTCTCGTG; Type: anchored 3'; Length: 16; Trimmed: 33464815 times

No. of allowed errors: 3

Bases preceding removed adapters:
  A: 31.0%
  C: 30.6%
  G: 15.6%
  T: 22.8%
  none/other: 0.0%

Overview of removed sequences
length	count	expect	max.err	error counts
16	33464815	2.0	3	32546529 453915 135617 328754


=== First read: Adapter D4_pre_withUMI ===

Sequence: AATTCGGAGTCTCGTG; Type: anchored 3'; Length: 16; Trimmed: 28778259 times

No. of allowed errors: 3

Bases preceding removed adapters:
  A: 31.4%
  C: 30.5%
  G: 15.5%
  T: 22.7%
  none/other: 0.0%

Overview of removed sequences
length	count	expect	max.err	error counts
16	28778259	2.0	3	28097065 459177 109667 112350


=== First read: Adapter A1_post_withUMI ===

Sequence: TACTGAAGGTCTCGTG; Type: anchored 3'; Length: 16; Trimmed: 101187 times

No. of allowed errors: 3

Bases preceding removed adapters:
  A: 7.0%
  C: 6.7%
  G: 3.7%
  T: 82.6%
  none/other: 0.0%
WARNING:
    The adapter is preceded by 'T' extremely often.
    The provided adapter sequence could be incomplete at its 5' end.
    Ignore this warning when trimming primers.

Overview of removed sequences
length	count	expect	max.err	error counts
16	101187	2.0	3	4585 172 1219 95211


=== First read: Adapter A2_post_withUMI ===

Sequence: CGTACGTAGTCTCGTG; Type: anchored 3'; Length: 16; Trimmed: 26178451 times

No. of allowed errors: 3

Bases preceding removed adapters:
  A: 0.4%
  C: 0.7%
  G: 0.4%
  T: 98.6%
  none/other: 0.0%
WARNING:
    The adapter is preceded by 'T' extremely often.
    The provided adapter sequence could be incomplete at its 5' end.
    Ignore this warning when trimming primers.

Overview of removed sequences
length	count	expect	max.err	error counts
16	26178451	2.0	3	25113697 702510 193648 168596


=== First read: Adapter A3_post_withUMI ===

Sequence: CCGTTCAGGTCTCGTG; Type: anchored 3'; Length: 16; Trimmed: 126003559 times

No. of allowed errors: 3

Bases preceding removed adapters:
  A: 0.3%
  C: 0.4%
  G: 0.4%
  T: 98.9%
  none/other: 0.0%
WARNING:
    The adapter is preceded by 'T' extremely often.
    The provided adapter sequence could be incomplete at its 5' end.
    Ignore this warning when trimming primers.

Overview of removed sequences
length	count	expect	max.err	error counts
16	126003559	2.0	3	122207136 2857512 582437 356474


=== First read: Adapter A4_post_withUMI ===

Sequence: CGGTAACTGTCTCGTG; Type: anchored 3'; Length: 16; Trimmed: 74552762 times

No. of allowed errors: 3

Bases preceding removed adapters:
  A: 0.3%
  C: 0.6%
  G: 0.5%
  T: 98.6%
  none/other: 0.0%
WARNING:
    The adapter is preceded by 'T' extremely often.
    The provided adapter sequence could be incomplete at its 5' end.
    Ignore this warning when trimming primers.

Overview of removed sequences
length	count	expect	max.err	error counts
16	74552762	2.0	3	72764788 1258244 313155 216575


=== First read: Adapter D1_post_withUMI ===

Sequence: CCAGCACAGTCTCGTG; Type: anchored 3'; Length: 16; Trimmed: 85824535 times

No. of allowed errors: 3

Bases preceding removed adapters:
  A: 0.3%
  C: 0.3%
  G: 0.4%
  T: 99.1%
  none/other: 0.0%
WARNING:
    The adapter is preceded by 'T' extremely often.
    The provided adapter sequence could be incomplete at its 5' end.
    Ignore this warning when trimming primers.

Overview of removed sequences
length	count	expect	max.err	error counts
16	85824535	2.0	3	83540104 1624149 328273 332009


=== First read: Adapter D2_post_withUMI ===

Sequence: CGTAGGATGTCTCGTG; Type: anchored 3'; Length: 16; Trimmed: 87472734 times

No. of allowed errors: 3

Bases preceding removed adapters:
  A: 0.3%
  C: 0.3%
  G: 0.4%
  T: 99.1%
  none/other: 0.0%
WARNING:
    The adapter is preceded by 'T' extremely often.
    The provided adapter sequence could be incomplete at its 5' end.
    Ignore this warning when trimming primers.

Overview of removed sequences
length	count	expect	max.err	error counts
16	87472734	2.0	3	84583880 2162459 412975 313420


=== First read: Adapter D3_post_withUMI ===

Sequence: ACGTGTTGGTCTCGTG; Type: anchored 3'; Length: 16; Trimmed: 87217958 times

No. of allowed errors: 3

Bases preceding removed adapters:
  A: 0.2%
  C: 0.3%
  G: 0.3%
  T: 99.2%
  none/other: 0.0%
WARNING:
    The adapter is preceded by 'T' extremely often.
    The provided adapter sequence could be incomplete at its 5' end.
    Ignore this warning when trimming primers.

Overview of removed sequences
length	count	expect	max.err	error counts
16	87217958	2.0	3	84867287 1715544 332155 302972


=== First read: Adapter D4_post_withUMI ===

Sequence: CCATTGAAGTCTCGTG; Type: anchored 3'; Length: 16; Trimmed: 99642419 times

No. of allowed errors: 3

Bases preceding removed adapters:
  A: 0.2%
  C: 0.3%
  G: 0.3%
  T: 99.2%
  none/other: 0.0%
WARNING:
    The adapter is preceded by 'T' extremely often.
    The provided adapter sequence could be incomplete at its 5' end.
    Ignore this warning when trimming primers.

Overview of removed sequences
length	count	expect	max.err	error counts
16	99642419	2.0	3	97281481 1651969 447073 261896


WARNING:
    One or more of your adapter sequences may be incomplete.
    Please see the detailed output above.
